# JRE version: OpenJDK Runtime Environment (11.0.10) (build 11.0.10+0-b96-7249189)
# Java VM: OpenJDK 64-Bit Server VM (11.0.10+0-b96-7249189, mixed mode, tiered, compressed oops, g1 gc, windows-amd64)
Heap:
 garbage-first heap   total 260096K, used 74938K [0x0000000080000000, 0x0000000100000000)
  region size 1024K, 17 young (17408K), 13 survivors (13312K)
 Metaspace       used 80744K, capacity 82927K, committed 83020K, reserved 1120256K
  class space    used 10524K, capacity 11336K, committed 11340K, reserved 1048576K
GC Heap History (20 events):
Event: 1.464 GC heap before
{Heap before GC invocations=3 (full 0):
 garbage-first heap   total 260096K, used 35785K [0x0000000080000000, 0x0000000100000000)
  region size 1024K, 28 young (28672K), 7 survivors (7168K)
 Metaspace       used 20524K, capacity 21088K, committed 21248K, reserved 1067008K
  class space    used 2505K, capacity 2690K, committed 2816K, reserved 1048576K
}
Event: 1.468 GC heap after
{Heap after GC invocations=4 (full 0):
 garbage-first heap   total 260096K, used 16901K [0x0000000080000000, 0x0000000100000000)
  region size 1024K, 1 young (1024K), 1 survivors (1024K)
 Metaspace       used 20524K, capacity 21088K, committed 21248K, reserved 1067008K
  class space    used 2505K, capacity 2690K, committed 2816K, reserved 1048576K
}
Event: 1.960 GC heap before
{Heap before GC invocations=5 (full 0):
 garbage-first heap   total 260096K, used 86533K [0x0000000080000000, 0x0000000100000000)
  region size 1024K, 69 young (70656K), 1 survivors (1024K)
 Metaspace       used 27090K, capacity 27735K, committed 27904K, reserved 1073152K
  class space    used 3578K, capacity 3827K, committed 3840K, reserved 1048576K
}
Event: 1.963 GC heap after
{Heap after GC invocations=6 (full 0):
 garbage-first heap   total 260096K, used 19099K [0x0000000080000000, 0x0000000100000000)
  region size 1024K, 3 young (3072K), 3 survivors (3072K)
 Metaspace       used 27090K, capacity 27735K, committed 27904K, reserved 1073152K
  class space    used 3578K, capacity 3827K, committed 3840K, reserved 1048576K
}
Event: 2.391 GC heap before
{Heap before GC invocations=6 (full 0):
 garbage-first heap   total 260096K, used 60059K [0x0000000080000000, 0x0000000100000000)
  region size 1024K, 45 young (46080K), 3 survivors (3072K)
 Metaspace       used 35054K, capacity 35790K, committed 35840K, reserved 1081344K
  class space    used 4547K, capacity 4832K, committed 4864K, reserved 1048576K
}
Event: 2.396 GC heap after
{Heap after GC invocations=7 (full 0):
 garbage-first heap   total 260096K, used 22134K [0x0000000080000000, 0x0000000100000000)
  region size 1024K, 6 young (6144K), 6 survivors (6144K)
 Metaspace       used 35054K, capacity 35790K, committed 35840K, reserved 1081344K
  class space    used 4547K, capacity 4832K, committed 4864K, reserved 1048576K
}
Event: 3.035 GC heap before
{Heap before GC invocations=8 (full 0):
 garbage-first heap   total 260096K, used 121462K [0x0000000080000000, 0x0000000100000000)
  region size 1024K, 100 young (102400K), 6 survivors (6144K)
 Metaspace       used 42927K, capacity 43919K, committed 44032K, reserved 1087488K
  class space    used 5488K, capacity 5824K, committed 5888K, reserved 1048576K
}
Event: 3.043 GC heap after
{Heap after GC invocations=9 (full 0):
 garbage-first heap   total 260096K, used 28136K [0x0000000080000000, 0x0000000100000000)
  region size 1024K, 12 young (12288K), 12 survivors (12288K)
 Metaspace       used 42927K, capacity 43919K, committed 44032K, reserved 1087488K
  class space    used 5488K, capacity 5824K, committed 5888K, reserved 1048576K
}
Event: 4.110 GC heap before
{Heap before GC invocations=9 (full 0):
 garbage-first heap   total 260096K, used 169448K [0x0000000080000000, 0x0000000100000000)
  region size 1024K, 146 young (149504K), 12 survivors (12288K)
 Metaspace       used 54949K, capacity 56306K, committed 56448K, reserved 1097728K
  class space    used 6982K, capacity 7488K, committed 7552K, reserved 1048576K
}
Event: 4.119 GC heap after
{Heap after GC invocations=10 (full 0):
 garbage-first heap   total 260096K, used 42969K [0x0000000080000000, 0x0000000100000000)
  region size 1024K, 19 young (19456K), 19 survivors (19456K)
 Metaspace       used 54949K, capacity 56306K, committed 56448K, reserved 1097728K
  class space    used 6982K, capacity 7488K, committed 7552K, reserved 1048576K
}
Event: 4.345 GC heap before
{Heap before GC invocations=10 (full 0):
 garbage-first heap   total 260096K, used 65497K [0x0000000080000000, 0x0000000100000000)
  region size 1024K, 42 young (43008K), 19 survivors (19456K)
 Metaspace       used 58535K, capacity 60080K, committed 60160K, reserved 1101824K
  class space    used 7444K, capacity 8017K, committed 8064K, reserved 1048576K
}
Event: 4.358 GC heap after
{Heap after GC invocations=11 (full 0):
 garbage-first heap   total 260096K, used 46968K [0x0000000080000000, 0x0000000100000000)
  region size 1024K, 4 young (4096K), 4 survivors (4096K)
 Metaspace       used 58535K, capacity 60080K, committed 60160K, reserved 1101824K
  class space    used 7444K, capacity 8017K, committed 8064K, reserved 1048576K
}
Event: 4.979 GC heap before
{Heap before GC invocations=12 (full 0):
 garbage-first heap   total 260096K, used 140152K [0x0000000080000000, 0x0000000100000000)
  region size 1024K, 95 young (97280K), 4 survivors (4096K)
 Metaspace       used 65393K, capacity 66982K, committed 67148K, reserved 1107968K
  class space    used 8388K, capacity 8979K, committed 9036K, reserved 1048576K
}
Event: 4.988 GC heap after
{Heap after GC invocations=13 (full 0):
 garbage-first heap   total 260096K, used 52942K [0x0000000080000000, 0x0000000100000000)
  region size 1024K, 10 young (10240K), 10 survivors (10240K)
 Metaspace       used 65393K, capacity 66982K, committed 67148K, reserved 1107968K
  class space    used 8388K, capacity 8979K, committed 9036K, reserved 1048576K
}
Event: 5.905 GC heap before
{Heap before GC invocations=14 (full 0):
 garbage-first heap   total 260096K, used 151246K [0x0000000080000000, 0x0000000100000000)
  region size 1024K, 106 young (108544K), 10 survivors (10240K)
 Metaspace       used 75879K, capacity 77619K, committed 77900K, reserved 1116160K
  class space    used 9890K, capacity 10508K, committed 10572K, reserved 1048576K
}
Event: 5.914 GC heap after
{Heap after GC invocations=15 (full 0):
 garbage-first heap   total 260096K, used 59241K [0x0000000080000000, 0x0000000100000000)
  region size 1024K, 7 young (7168K), 7 survivors (7168K)
 Metaspace       used 75879K, capacity 77619K, committed 77900K, reserved 1116160K
  class space    used 9890K, capacity 10508K, committed 10572K, reserved 1048576K
}
Event: 7.251 GC heap before
{Heap before GC invocations=15 (full 0):
 garbage-first heap   total 260096K, used 161641K [0x0000000080000000, 0x0000000100000000)
  region size 1024K, 108 young (110592K), 7 survivors (7168K)
 Metaspace       used 79299K, capacity 81346K, committed 81612K, reserved 1120256K
  class space    used 10377K, capacity 11178K, committed 11212K, reserved 1048576K
}
Event: 7.260 GC heap after
{Heap after GC invocations=16 (full 0):
 garbage-first heap   total 260096K, used 66049K [0x0000000080000000, 0x0000000100000000)
  region size 1024K, 14 young (14336K), 14 survivors (14336K)
 Metaspace       used 79299K, capacity 81346K, committed 81612K, reserved 1120256K
  class space    used 10377K, capacity 11178K, committed 11212K, reserved 1048576K
}
Event: 8.445 GC heap before
{Heap before GC invocations=16 (full 0):
 garbage-first heap   total 260096K, used 171521K [0x0000000080000000, 0x0000000100000000)
  region size 1024K, 118 young (120832K), 14 survivors (14336K)
 Metaspace       used 80492K, capacity 82625K, committed 82764K, reserved 1120256K
  class space    used 10489K, capacity 11280K, committed 11340K, reserved 1048576K
}
Event: 8.454 GC heap after
{Heap after GC invocations=17 (full 0):
 garbage-first heap   total 260096K, used 71866K [0x0000000080000000, 0x0000000100000000)
  region size 1024K, 13 young (13312K), 13 survivors (13312K)
 Metaspace       used 80492K, capacity 82625K, committed 82764K, reserved 1120256K
  class space    used 10489K, capacity 11280K, committed 11340K, reserved 1048576K
}

