# JRE version: OpenJDK Runtime Environment (11.0.10) (build 11.0.10+0-b96-7249189)
# Java VM: OpenJDK 64-Bit Server VM (11.0.10+0-b96-7249189, mixed mode, tiered, compressed oops, g1 gc, windows-amd64)
Heap:
 garbage-first heap   total 260096K, used 128325K [0x0000000080000000, 0x0000000100000000)
  region size 1024K, 4 young (4096K), 1 survivors (1024K)
 Metaspace       used 111567K, capacity 114693K, committed 121720K, reserved 1155072K
  class space    used 14242K, capacity 15404K, committed 16324K, reserved 1048576K
GC Heap History (20 events):
Event: 321.400 GC heap before
{Heap before GC invocations=20 (full 0):
 garbage-first heap   total 260096K, used 202621K [0x0000000080000000, 0x0000000100000000)
  region size 1024K, 110 young (112640K), 7 survivors (7168K)
 Metaspace       used 112216K, capacity 115334K, committed 115448K, reserved 1148928K
  class space    used 14446K, capacity 15617K, committed 15684K, reserved 1048576K
}
Event: 321.408 GC heap after
{Heap after GC invocations=21 (full 0):
 garbage-first heap   total 260096K, used 102061K [0x0000000080000000, 0x0000000100000000)
  region size 1024K, 11 young (11264K), 11 survivors (11264K)
 Metaspace       used 112216K, capacity 115334K, committed 115448K, reserved 1148928K
  class space    used 14446K, capacity 15617K, committed 15684K, reserved 1048576K
}
Event: 496.956 GC heap before
{Heap before GC invocations=22 (full 0):
 garbage-first heap   total 260096K, used 226989K [0x0000000080000000, 0x0000000100000000)
  region size 1024K, 114 young (116736K), 11 survivors (11264K)
 Metaspace       used 113915K, capacity 117069K, committed 117240K, reserved 1150976K
  class space    used 14652K, capacity 15862K, committed 15940K, reserved 1048576K
}
Event: 496.969 GC heap after
{Heap after GC invocations=23 (full 0):
 garbage-first heap   total 260096K, used 118633K [0x0000000080000000, 0x0000000100000000)
  region size 1024K, 15 young (15360K), 15 survivors (15360K)
 Metaspace       used 113915K, capacity 117069K, committed 117240K, reserved 1150976K
  class space    used 14652K, capacity 15862K, committed 15940K, reserved 1048576K
}
Event: 497.437 GC heap before
{Heap before GC invocations=23 (full 0):
 garbage-first heap   total 260096K, used 205673K [0x0000000080000000, 0x0000000100000000)
  region size 1024K, 101 young (103424K), 15 survivors (15360K)
 Metaspace       used 117266K, capacity 120489K, committed 120696K, reserved 1153024K
  class space    used 15016K, capacity 16256K, committed 16324K, reserved 1048576K
}
Event: 497.447 GC heap after
{Heap after GC invocations=24 (full 0):
 garbage-first heap   total 260096K, used 121628K [0x0000000080000000, 0x0000000100000000)
  region size 1024K, 3 young (3072K), 3 survivors (3072K)
 Metaspace       used 117266K, capacity 120489K, committed 120696K, reserved 1153024K
  class space    used 15016K, capacity 16256K, committed 16324K, reserved 1048576K
}
Event: 498.907 GC heap before
{Heap before GC invocations=24 (full 0):
 garbage-first heap   total 260096K, used 207644K [0x0000000080000000, 0x0000000100000000)
  region size 1024K, 88 young (90112K), 3 survivors (3072K)
 Metaspace       used 118027K, capacity 121285K, committed 121464K, reserved 1155072K
  class space    used 15042K, capacity 16273K, committed 16324K, reserved 1048576K
}
Event: 498.912 GC heap after
{Heap after GC invocations=25 (full 0):
 garbage-first heap   total 260096K, used 124570K [0x0000000080000000, 0x0000000100000000)
  region size 1024K, 6 young (6144K), 6 survivors (6144K)
 Metaspace       used 118027K, capacity 121285K, committed 121464K, reserved 1155072K
  class space    used 15042K, capacity 16273K, committed 16324K, reserved 1048576K
}
Event: 616.915 GC heap before
{Heap before GC invocations=26 (full 0):
 garbage-first heap   total 260096K, used 231066K [0x0000000080000000, 0x0000000100000000)
  region size 1024K, 91 young (93184K), 6 survivors (6144K)
 Metaspace       used 114928K, capacity 118192K, committed 121464K, reserved 1155072K
  class space    used 14666K, capacity 15875K, committed 16324K, reserved 1048576K
}
Event: 616.925 GC heap after
{Heap after GC invocations=27 (full 0):
 garbage-first heap   total 260096K, used 138969K [0x0000000080000000, 0x0000000100000000)
  region size 1024K, 12 young (12288K), 12 survivors (12288K)
 Metaspace       used 114928K, capacity 118192K, committed 121464K, reserved 1155072K
  class space    used 14666K, capacity 15875K, committed 16324K, reserved 1048576K
}
Event: 616.929 GC heap before
{Heap before GC invocations=27 (full 0):
 garbage-first heap   total 260096K, used 139993K [0x0000000080000000, 0x0000000100000000)
  region size 1024K, 13 young (13312K), 12 survivors (12288K)
 Metaspace       used 114929K, capacity 118192K, committed 121464K, reserved 1155072K
  class space    used 14666K, capacity 15875K, committed 16324K, reserved 1048576K
}
Event: 616.942 GC heap after
{Heap after GC invocations=28 (full 0):
 garbage-first heap   total 260096K, used 120239K [0x0000000080000000, 0x0000000100000000)
  region size 1024K, 2 young (2048K), 2 survivors (2048K)
 Metaspace       used 114929K, capacity 118192K, committed 121464K, reserved 1155072K
  class space    used 14666K, capacity 15875K, committed 16324K, reserved 1048576K
}
Event: 617.319 GC heap before
{Heap before GC invocations=28 (full 0):
 garbage-first heap   total 260096K, used 205231K [0x0000000080000000, 0x0000000100000000)
  region size 1024K, 86 young (88064K), 2 survivors (2048K)
 Metaspace       used 117036K, capacity 120291K, committed 121464K, reserved 1155072K
  class space    used 14928K, capacity 16169K, committed 16324K, reserved 1048576K
}
Event: 617.324 GC heap after
{Heap after GC invocations=29 (full 0):
 garbage-first heap   total 260096K, used 121811K [0x0000000080000000, 0x0000000100000000)
  region size 1024K, 4 young (4096K), 4 survivors (4096K)
 Metaspace       used 117036K, capacity 120291K, committed 121464K, reserved 1155072K
  class space    used 14928K, capacity 16169K, committed 16324K, reserved 1048576K
}
Event: 619.062 GC heap before
{Heap before GC invocations=30 (full 0):
 garbage-first heap   total 260096K, used 205779K [0x0000000080000000, 0x0000000100000000)
  region size 1024K, 89 young (91136K), 4 survivors (4096K)
 Metaspace       used 115137K, capacity 118361K, committed 121720K, reserved 1155072K
  class space    used 14642K, capacity 15838K, committed 16324K, reserved 1048576K
}
Event: 619.067 GC heap after
{Heap after GC invocations=31 (full 0):
 garbage-first heap   total 260096K, used 122855K [0x0000000080000000, 0x0000000100000000)
  region size 1024K, 7 young (7168K), 7 survivors (7168K)
 Metaspace       used 115137K, capacity 118361K, committed 121720K, reserved 1155072K
  class space    used 14642K, capacity 15838K, committed 16324K, reserved 1048576K
}
Event: 619.097 GC heap before
{Heap before GC invocations=31 (full 0):
 garbage-first heap   total 260096K, used 127975K [0x0000000080000000, 0x0000000100000000)
  region size 1024K, 12 young (12288K), 7 survivors (7168K)
 Metaspace       used 115137K, capacity 118361K, committed 121720K, reserved 1155072K
  class space    used 14642K, capacity 15838K, committed 16324K, reserved 1048576K
}
Event: 619.104 GC heap after
{Heap after GC invocations=32 (full 0):
 garbage-first heap   total 260096K, used 112092K [0x0000000080000000, 0x0000000100000000)
  region size 1024K, 1 young (1024K), 1 survivors (1024K)
 Metaspace       used 115137K, capacity 118361K, committed 121720K, reserved 1155072K
  class space    used 14642K, capacity 15838K, committed 16324K, reserved 1048576K
}
Event: 619.512 GC heap before
{Heap before GC invocations=32 (full 0):
 garbage-first heap   total 260096K, used 125404K [0x0000000080000000, 0x0000000100000000)
  region size 1024K, 10 young (10240K), 1 survivors (1024K)
 Metaspace       used 115141K, capacity 118361K, committed 121720K, reserved 1155072K
  class space    used 14642K, capacity 15838K, committed 16324K, reserved 1048576K
}
Event: 619.514 GC heap after
{Heap after GC invocations=33 (full 0):
 garbage-first heap   total 260096K, used 118085K [0x0000000080000000, 0x0000000100000000)
  region size 1024K, 1 young (1024K), 1 survivors (1024K)
 Metaspace       used 115141K, capacity 118361K, committed 121720K, reserved 1155072K
  class space    used 14642K, capacity 15838K, committed 16324K, reserved 1048576K
}

