# JRE version: OpenJDK Runtime Environment (11.0.10) (build 11.0.10+0-b96-7249189)
# Java VM: OpenJDK 64-Bit Server VM (11.0.10+0-b96-7249189, mixed mode, tiered, compressed oops, g1 gc, windows-amd64)
Heap:
 garbage-first heap   total 312320K, used 129059K [0x0000000080000000, 0x0000000100000000)
  region size 1024K, 9 young (9216K), 5 survivors (5120K)
 Metaspace       used 137111K, capacity 141898K, committed 145472K, reserved 1175552K
  class space    used 16432K, capacity 18107K, committed 18688K, reserved 1048576K
GC Heap History (20 events):
Event: 18798.651 GC heap before
{Heap before GC invocations=276 (full 0):
 garbage-first heap   total 312320K, used 140083K [0x0000000080000000, 0x0000000100000000)
  region size 1024K, 49 young (50176K), 1 survivors (1024K)
 Metaspace       used 133555K, capacity 138208K, committed 145472K, reserved 1175552K
  class space    used 16047K, capacity 17702K, committed 18688K, reserved 1048576K
}
Event: 18798.658 GC heap after
{Heap after GC invocations=277 (full 0):
 garbage-first heap   total 312320K, used 95609K [0x0000000080000000, 0x0000000100000000)
  region size 1024K, 5 young (5120K), 5 survivors (5120K)
 Metaspace       used 133555K, capacity 138208K, committed 145472K, reserved 1175552K
  class space    used 16047K, capacity 17702K, committed 18688K, reserved 1048576K
}
Event: 18803.901 GC heap before
{Heap before GC invocations=278 (full 0):
 garbage-first heap   total 312320K, used 236921K [0x0000000080000000, 0x0000000100000000)
  region size 1024K, 125 young (128000K), 5 survivors (5120K)
 Metaspace       used 133651K, capacity 138359K, committed 145472K, reserved 1175552K
  class space    used 16061K, capacity 17717K, committed 18688K, reserved 1048576K
}
Event: 18803.909 GC heap after
{Heap after GC invocations=279 (full 0):
 garbage-first heap   total 312320K, used 111509K [0x0000000080000000, 0x0000000100000000)
  region size 1024K, 16 young (16384K), 16 survivors (16384K)
 Metaspace       used 133651K, capacity 138359K, committed 145472K, reserved 1175552K
  class space    used 16061K, capacity 17717K, committed 18688K, reserved 1048576K
}
Event: 18803.911 GC heap before
{Heap before GC invocations=279 (full 0):
 garbage-first heap   total 312320K, used 112533K [0x0000000080000000, 0x0000000100000000)
  region size 1024K, 17 young (17408K), 16 survivors (16384K)
 Metaspace       used 133651K, capacity 138359K, committed 145472K, reserved 1175552K
  class space    used 16061K, capacity 17717K, committed 18688K, reserved 1048576K
}
Event: 18803.918 GC heap after
{Heap after GC invocations=280 (full 0):
 garbage-first heap   total 312320K, used 112487K [0x0000000080000000, 0x0000000100000000)
  region size 1024K, 2 young (2048K), 2 survivors (2048K)
 Metaspace       used 133651K, capacity 138359K, committed 145472K, reserved 1175552K
  class space    used 16061K, capacity 17717K, committed 18688K, reserved 1048576K
}
Event: 18804.432 GC heap before
{Heap before GC invocations=280 (full 0):
 garbage-first heap   total 312320K, used 225127K [0x0000000080000000, 0x0000000100000000)
  region size 1024K, 113 young (115712K), 2 survivors (2048K)
 Metaspace       used 136969K, capacity 141640K, committed 145472K, reserved 1175552K
  class space    used 16424K, capacity 18107K, committed 18688K, reserved 1048576K
}
Event: 18804.437 GC heap after
{Heap after GC invocations=281 (full 0):
 garbage-first heap   total 312320K, used 113154K [0x0000000080000000, 0x0000000100000000)
  region size 1024K, 3 young (3072K), 3 survivors (3072K)
 Metaspace       used 136969K, capacity 141640K, committed 145472K, reserved 1175552K
  class space    used 16424K, capacity 18107K, committed 18688K, reserved 1048576K
}
Event: 19339.124 GC heap before
{Heap before GC invocations=282 (full 0):
 garbage-first heap   total 312320K, used 251394K [0x0000000080000000, 0x0000000100000000)
  region size 1024K, 121 young (123904K), 3 survivors (3072K)
 Metaspace       used 137072K, capacity 141769K, committed 145472K, reserved 1175552K
  class space    used 16432K, capacity 18107K, committed 18688K, reserved 1048576K
}
Event: 19339.131 GC heap after
{Heap after GC invocations=283 (full 0):
 garbage-first heap   total 312320K, used 119206K [0x0000000080000000, 0x0000000100000000)
  region size 1024K, 9 young (9216K), 9 survivors (9216K)
 Metaspace       used 137072K, capacity 141769K, committed 145472K, reserved 1175552K
  class space    used 16432K, capacity 18107K, committed 18688K, reserved 1048576K
}
Event: 19340.115 GC heap before
{Heap before GC invocations=283 (full 0):
 garbage-first heap   total 312320K, used 124326K [0x0000000080000000, 0x0000000100000000)
  region size 1024K, 15 young (15360K), 9 survivors (9216K)
 Metaspace       used 137072K, capacity 141769K, committed 145472K, reserved 1175552K
  class space    used 16432K, capacity 18107K, committed 18688K, reserved 1048576K
}
Event: 19340.123 GC heap after
{Heap after GC invocations=284 (full 0):
 garbage-first heap   total 312320K, used 115280K [0x0000000080000000, 0x0000000100000000)
  region size 1024K, 2 young (2048K), 2 survivors (2048K)
 Metaspace       used 137072K, capacity 141769K, committed 145472K, reserved 1175552K
  class space    used 16432K, capacity 18107K, committed 18688K, reserved 1048576K
}
Event: 19340.238 GC heap before
{Heap before GC invocations=284 (full 0):
 garbage-first heap   total 312320K, used 121424K [0x0000000080000000, 0x0000000100000000)
  region size 1024K, 9 young (9216K), 2 survivors (2048K)
 Metaspace       used 137275K, capacity 142093K, committed 145472K, reserved 1175552K
  class space    used 16461K, capacity 18151K, committed 18688K, reserved 1048576K
}
Event: 19340.245 GC heap after
{Heap after GC invocations=285 (full 0):
 garbage-first heap   total 312320K, used 117001K [0x0000000080000000, 0x0000000100000000)
  region size 1024K, 4 young (4096K), 4 survivors (4096K)
 Metaspace       used 137275K, capacity 142093K, committed 145472K, reserved 1175552K
  class space    used 16461K, capacity 18151K, committed 18688K, reserved 1048576K
}
Event: 19340.894 GC heap before
{Heap before GC invocations=286 (full 0):
 garbage-first heap   total 312320K, used 240766K [0x0000000080000000, 0x0000000100000000)
  region size 1024K, 124 young (126976K), 4 survivors (4096K)
 Metaspace       used 137007K, capacity 141769K, committed 145472K, reserved 1175552K
  class space    used 16423K, capacity 18107K, committed 18688K, reserved 1048576K
}
Event: 19340.901 GC heap after
{Heap after GC invocations=287 (full 0):
 garbage-first heap   total 312320K, used 126572K [0x0000000080000000, 0x0000000100000000)
  region size 1024K, 12 young (12288K), 12 survivors (12288K)
 Metaspace       used 137007K, capacity 141769K, committed 145472K, reserved 1175552K
  class space    used 16423K, capacity 18107K, committed 18688K, reserved 1048576K
}
Event: 19340.911 GC heap before
{Heap before GC invocations=287 (full 0):
 garbage-first heap   total 312320K, used 129644K [0x0000000080000000, 0x0000000100000000)
  region size 1024K, 15 young (15360K), 12 survivors (12288K)
 Metaspace       used 137011K, capacity 141769K, committed 145472K, reserved 1175552K
  class space    used 16423K, capacity 18107K, committed 18688K, reserved 1048576K
}
Event: 19340.919 GC heap after
{Heap after GC invocations=288 (full 0):
 garbage-first heap   total 312320K, used 105487K [0x0000000080000000, 0x0000000100000000)
  region size 1024K, 2 young (2048K), 2 survivors (2048K)
 Metaspace       used 137011K, capacity 141769K, committed 145472K, reserved 1175552K
  class space    used 16423K, capacity 18107K, committed 18688K, reserved 1048576K
}
Event: 19342.743 GC heap before
{Heap before GC invocations=288 (full 0):
 garbage-first heap   total 312320K, used 181263K [0x0000000080000000, 0x0000000100000000)
  region size 1024K, 78 young (79872K), 2 survivors (2048K)
 Metaspace       used 137097K, capacity 141897K, committed 145472K, reserved 1175552K
  class space    used 16432K, capacity 18107K, committed 18688K, reserved 1048576K
}
Event: 19342.748 GC heap after
{Heap after GC invocations=289 (full 0):
 garbage-first heap   total 312320K, used 108579K [0x0000000080000000, 0x0000000100000000)
  region size 1024K, 5 young (5120K), 5 survivors (5120K)
 Metaspace       used 137097K, capacity 141897K, committed 145472K, reserved 1175552K
  class space    used 16432K, capacity 18107K, committed 18688K, reserved 1048576K
}

