# JRE version: OpenJDK Runtime Environment (11.0.10) (build 11.0.10+0-b96-7249189)
# Java VM: OpenJDK 64-Bit Server VM (11.0.10+0-b96-7249189, mixed mode, tiered, compressed oops, g1 gc, windows-amd64)
Heap:
 garbage-first heap   total 260096K, used 124541K [0x0000000080000000, 0x0000000100000000)
  region size 1024K, 10 young (10240K), 7 survivors (7168K)
 Metaspace       used 106764K, capacity 110993K, committed 111140K, reserved 1144832K
  class space    used 13650K, capacity 15133K, committed 15232K, reserved 1048576K
GC Heap History (20 events):
Event: 7.560 GC heap before
{Heap before GC invocations=15 (full 0):
 garbage-first heap   total 260096K, used 191878K [0x0000000080000000, 0x0000000100000000)
  region size 1024K, 116 young (118784K), 8 survivors (8192K)
 Metaspace       used 83659K, capacity 85802K, committed 85924K, reserved 1124352K
  class space    used 10791K, capacity 11500K, committed 11520K, reserved 1048576K
}
Event: 7.568 GC heap after
{Heap after GC invocations=16 (full 0):
 garbage-first heap   total 260096K, used 87618K [0x0000000080000000, 0x0000000100000000)
  region size 1024K, 14 young (14336K), 14 survivors (14336K)
 Metaspace       used 83659K, capacity 85802K, committed 85924K, reserved 1124352K
  class space    used 10791K, capacity 11500K, committed 11520K, reserved 1048576K
}
Event: 8.596 GC heap before
{Heap before GC invocations=16 (full 0):
 garbage-first heap   total 260096K, used 196162K [0x0000000080000000, 0x0000000100000000)
  region size 1024K, 121 young (123904K), 14 survivors (14336K)
 Metaspace       used 90535K, capacity 93185K, committed 93348K, reserved 1130496K
  class space    used 11734K, capacity 12693K, committed 12800K, reserved 1048576K
}
Event: 8.604 GC heap after
{Heap after GC invocations=17 (full 0):
 garbage-first heap   total 260096K, used 93964K [0x0000000080000000, 0x0000000100000000)
  region size 1024K, 14 young (14336K), 14 survivors (14336K)
 Metaspace       used 90535K, capacity 93185K, committed 93348K, reserved 1130496K
  class space    used 11734K, capacity 12693K, committed 12800K, reserved 1048576K
}
Event: 649.053 GC heap before
{Heap before GC invocations=17 (full 0):
 garbage-first heap   total 260096K, used 200460K [0x0000000080000000, 0x0000000100000000)
  region size 1024K, 119 young (121856K), 14 survivors (14336K)
 Metaspace       used 94844K, capacity 97625K, committed 97700K, reserved 1134592K
  class space    used 12202K, capacity 13253K, committed 13312K, reserved 1048576K
}
Event: 649.065 GC heap after
{Heap after GC invocations=18 (full 0):
 garbage-first heap   total 260096K, used 101863K [0x0000000080000000, 0x0000000100000000)
  region size 1024K, 14 young (14336K), 14 survivors (14336K)
 Metaspace       used 94844K, capacity 97625K, committed 97700K, reserved 1134592K
  class space    used 12202K, capacity 13253K, committed 13312K, reserved 1048576K
}
Event: 690.169 GC heap before
{Heap before GC invocations=18 (full 0):
 garbage-first heap   total 260096K, used 205287K [0x0000000080000000, 0x0000000100000000)
  region size 1024K, 115 young (117760K), 14 survivors (14336K)
 Metaspace       used 95904K, capacity 98891K, committed 99108K, reserved 1134592K
  class space    used 12246K, capacity 13317K, committed 13440K, reserved 1048576K
}
Event: 690.177 GC heap after
{Heap after GC invocations=19 (full 0):
 garbage-first heap   total 260096K, used 104914K [0x0000000080000000, 0x0000000100000000)
  region size 1024K, 7 young (7168K), 7 survivors (7168K)
 Metaspace       used 95904K, capacity 98891K, committed 99108K, reserved 1134592K
  class space    used 12246K, capacity 13317K, committed 13440K, reserved 1048576K
}
Event: 725.397 GC heap before
{Heap before GC invocations=19 (full 0):
 garbage-first heap   total 260096K, used 206290K [0x0000000080000000, 0x0000000100000000)
  region size 1024K, 107 young (109568K), 7 survivors (7168K)
 Metaspace       used 99398K, capacity 102483K, committed 102692K, reserved 1138688K
  class space    used 12768K, capacity 13841K, committed 13952K, reserved 1048576K
}
Event: 725.401 GC heap after
{Heap after GC invocations=20 (full 0):
 garbage-first heap   total 260096K, used 102723K [0x0000000080000000, 0x0000000100000000)
  region size 1024K, 5 young (5120K), 5 survivors (5120K)
 Metaspace       used 99398K, capacity 102483K, committed 102692K, reserved 1138688K
  class space    used 12768K, capacity 13841K, committed 13952K, reserved 1048576K
}
Event: 735.586 GC heap before
{Heap before GC invocations=20 (full 0):
 garbage-first heap   total 260096K, used 208195K [0x0000000080000000, 0x0000000100000000)
  region size 1024K, 109 young (111616K), 5 survivors (5120K)
 Metaspace       used 101859K, capacity 105235K, committed 105380K, reserved 1140736K
  class space    used 13015K, capacity 14233K, committed 14336K, reserved 1048576K
}
Event: 735.595 GC heap after
{Heap after GC invocations=21 (full 0):
 garbage-first heap   total 260096K, used 111841K [0x0000000080000000, 0x0000000100000000)
  region size 1024K, 14 young (14336K), 14 survivors (14336K)
 Metaspace       used 101859K, capacity 105235K, committed 105380K, reserved 1140736K
  class space    used 13015K, capacity 14233K, committed 14336K, reserved 1048576K
}
Event: 759.651 GC heap before
{Heap before GC invocations=21 (full 0):
 garbage-first heap   total 260096K, used 210145K [0x0000000080000000, 0x0000000100000000)
  region size 1024K, 110 young (112640K), 14 survivors (14336K)
 Metaspace       used 102462K, capacity 106007K, committed 106276K, reserved 1140736K
  class space    used 13076K, capacity 14363K, committed 14464K, reserved 1048576K
}
Event: 759.662 GC heap after
{Heap after GC invocations=22 (full 0):
 garbage-first heap   total 260096K, used 113103K [0x0000000080000000, 0x0000000100000000)
  region size 1024K, 6 young (6144K), 6 survivors (6144K)
 Metaspace       used 102462K, capacity 106007K, committed 106276K, reserved 1140736K
  class space    used 13076K, capacity 14363K, committed 14464K, reserved 1048576K
}
Event: 762.630 GC heap before
{Heap before GC invocations=22 (full 0):
 garbage-first heap   total 260096K, used 211407K [0x0000000080000000, 0x0000000100000000)
  region size 1024K, 102 young (104448K), 6 survivors (6144K)
 Metaspace       used 102779K, capacity 106358K, committed 106532K, reserved 1140736K
  class space    used 13100K, capacity 14401K, committed 14464K, reserved 1048576K
}
Event: 762.638 GC heap after
{Heap after GC invocations=23 (full 0):
 garbage-first heap   total 260096K, used 119846K [0x0000000080000000, 0x0000000100000000)
  region size 1024K, 12 young (12288K), 12 survivors (12288K)
 Metaspace       used 102779K, capacity 106358K, committed 106532K, reserved 1140736K
  class space    used 13100K, capacity 14401K, committed 14464K, reserved 1048576K
}
Event: 768.943 GC heap before
{Heap before GC invocations=23 (full 0):
 garbage-first heap   total 260096K, used 212006K [0x0000000080000000, 0x0000000100000000)
  region size 1024K, 102 young (104448K), 12 survivors (12288K)
 Metaspace       used 103391K, capacity 107238K, committed 107428K, reserved 1142784K
  class space    used 13170K, capacity 14526K, committed 14592K, reserved 1048576K
}
Event: 768.952 GC heap after
{Heap after GC invocations=24 (full 0):
 garbage-first heap   total 260096K, used 123593K [0x0000000080000000, 0x0000000100000000)
  region size 1024K, 7 young (7168K), 7 survivors (7168K)
 Metaspace       used 103391K, capacity 107238K, committed 107428K, reserved 1142784K
  class space    used 13170K, capacity 14526K, committed 14592K, reserved 1048576K
}
Event: 803.536 GC heap before
{Heap before GC invocations=24 (full 0):
 garbage-first heap   total 260096K, used 213705K [0x0000000080000000, 0x0000000100000000)
  region size 1024K, 95 young (97280K), 7 survivors (7168K)
 Metaspace       used 106134K, capacity 110358K, committed 110500K, reserved 1144832K
  class space    used 13611K, capacity 15092K, committed 15104K, reserved 1048576K
}
Event: 803.541 GC heap after
{Heap after GC invocations=25 (full 0):
 garbage-first heap   total 260096K, used 123517K [0x0000000080000000, 0x0000000100000000)
  region size 1024K, 7 young (7168K), 7 survivors (7168K)
 Metaspace       used 106134K, capacity 110358K, committed 110500K, reserved 1144832K
  class space    used 13611K, capacity 15092K, committed 15104K, reserved 1048576K
}

